18:30:51.479 [background-preinit] INFO  Version[<clinit>:21] - HV000001: Hibernate Validator 6.1.6.Final
18:30:52.792 [main] INFO  SkyshopGatewayApplication[logStartupProfileInfo:655] - The following profiles are active: dev
18:30:54.664 [main] INFO  RepositoryConfigurationDelegate[registerRepositoriesIn:127] - Bootstrapping Spring Data JPA repositories in DEFAULT mode.
18:30:55.594 [main] INFO  RepositoryConfigurationDelegate[registerRepositoriesIn:187] - Finished Spring Data repository scanning in 901ms. Found 25 JPA repository interfaces.
18:30:55.601 [main] INFO  RepositoryConfigurationDelegate[registerRepositoriesIn:127] - Bootstrapping Spring Data JPA repositories in DEFAULT mode.
18:30:55.659 [main] INFO  RepositoryConfigurationDelegate[registerRepositoriesIn:187] - Finished Spring Data repository scanning in 57ms. Found 2 JPA repository interfaces.
18:30:56.539 [main] INFO  GenericScope[setSerializationId:295] - BeanFactory id=1370cc3d-9045-3902-b59f-4be64fbfaeb5
18:30:56.648 [main] INFO  PostProcessorRegistrationDelegate$BeanPostProcessorChecker[postProcessAfterInitialization:335] - Bean 'contextProductionDatasource' of type [org.engine.plugin.context.ContextProductionDatasource$$EnhancerBySpringCGLIB$$cd91967b] is not eligible for getting processed by all BeanPostProcessors (for example: not eligible for auto-proxying)
18:30:56.738 [main] INFO  PostProcessorRegistrationDelegate$BeanPostProcessorChecker[postProcessAfterInitialization:335] - Bean 'contextWarehouseDatasource' of type [org.engine.plugin.context.ContextWarehouseDatasource$$EnhancerBySpringCGLIB$$cd8c34f7] is not eligible for getting processed by all BeanPostProcessors (for example: not eligible for auto-proxying)
18:30:57.441 [main] INFO  LogHelper[logPersistenceUnitInformation:31] - HHH000204: Processing PersistenceUnitInfo [name: DS1]
18:30:57.723 [main] INFO  Version[logVersion:44] - HHH000412: Hibernate ORM core version 5.4.22.Final
18:30:58.189 [main] INFO  Version[<clinit>:49] - HCANN000001: Hibernate Commons Annotations {5.1.0.Final}
18:30:58.848 [main] INFO  HikariDataSource[getConnection:110] - PRODUCTION_HIKARICP_CONNECTION_POOL - Starting...
18:31:00.272 [main] INFO  HikariDataSource[getConnection:123] - PRODUCTION_HIKARICP_CONNECTION_POOL - Start completed.
18:31:00.337 [main] INFO  Dialect[<init>:170] - HHH000400: Using dialect: org.hibernate.dialect.MariaDB103Dialect
18:31:02.131 [main] INFO  JtaPlatformInitiator[initiateService:52] - HHH000490: Using JtaPlatform implementation: [org.hibernate.engine.transaction.jta.platform.internal.NoJtaPlatform]
18:31:02.144 [main] INFO  LocalContainerEntityManagerFactoryBean[buildNativeEntityManagerFactory:416] - Initialized JPA EntityManagerFactory for persistence unit 'DS1'
18:31:02.169 [main] INFO  LogHelper[logPersistenceUnitInformation:31] - HHH000204: Processing PersistenceUnitInfo [name: DS2]
18:31:02.373 [main] INFO  HikariDataSource[getConnection:110] - WAREHOUSE_HIKARICP_CONNECTION_POOL - Starting...
18:31:02.702 [main] INFO  HikariDataSource[getConnection:123] - WAREHOUSE_HIKARICP_CONNECTION_POOL - Start completed.
18:31:02.702 [main] INFO  Dialect[<init>:170] - HHH000400: Using dialect: org.hibernate.dialect.MariaDB103Dialect
18:31:03.064 [main] INFO  JtaPlatformInitiator[initiateService:52] - HHH000490: Using JtaPlatform implementation: [org.hibernate.engine.transaction.jta.platform.internal.NoJtaPlatform]
18:31:03.065 [main] INFO  LocalContainerEntityManagerFactoryBean[buildNativeEntityManagerFactory:416] - Initialized JPA EntityManagerFactory for persistence unit 'DS2'
18:31:05.371 [main] INFO  ReactiveUserDetailsServiceAutoConfiguration[getOrDeducePassword:88] - 

Using generated security password: 78ef1e73-4fdf-4e3f-b966-641bc2aa2a4d

18:31:06.013 [main] INFO  EndpointLinksResolver[<init>:58] - Exposing 2 endpoint(s) beneath base path '/actuator'
18:31:06.463 [main] WARN  FreeMarkerAutoConfiguration[checkTemplateLocationExists:67] - Cannot find template location(s): [classpath:/templates/] (please add some templates, check your FreeMarker configuration, or set spring.freemarker.checkTemplateLocation=false)
18:31:08.264 [main] WARN  SpringCloudSecurityAutoConfiguration[<init>:38] - All Spring Cloud Security modules and starters are deprecated. They will be moved to individual projects in the next major release.
18:31:08.299 [main] INFO  AdminClientConfig[logAll:347] - AdminClientConfig values: 
	bootstrap.servers = [127.0.0.1:9092]
	client.dns.lookup = default
	client.id = 
	connections.max.idle.ms = 300000
	default.api.timeout.ms = 60000
	metadata.max.age.ms = 300000
	metric.reporters = []
	metrics.num.samples = 2
	metrics.recording.level = INFO
	metrics.sample.window.ms = 30000
	receive.buffer.bytes = 65536
	reconnect.backoff.max.ms = 1000
	reconnect.backoff.ms = 50
	request.timeout.ms = 30000
	retries = 2147483647
	retry.backoff.ms = 100
	sasl.client.callback.handler.class = null
	sasl.jaas.config = null
	sasl.kerberos.kinit.cmd = /usr/bin/kinit
	sasl.kerberos.min.time.before.relogin = 60000
	sasl.kerberos.service.name = null
	sasl.kerberos.ticket.renew.jitter = 0.05
	sasl.kerberos.ticket.renew.window.factor = 0.8
	sasl.login.callback.handler.class = null
	sasl.login.class = null
	sasl.login.refresh.buffer.seconds = 300
	sasl.login.refresh.min.period.seconds = 60
	sasl.login.refresh.window.factor = 0.8
	sasl.login.refresh.window.jitter = 0.05
	sasl.mechanism = GSSAPI
	security.protocol = PLAINTEXT
	security.providers = null
	send.buffer.bytes = 131072
	ssl.cipher.suites = null
	ssl.enabled.protocols = [TLSv1.2]
	ssl.endpoint.identification.algorithm = https
	ssl.key.password = null
	ssl.keymanager.algorithm = SunX509
	ssl.keystore.location = null
	ssl.keystore.password = null
	ssl.keystore.type = JKS
	ssl.protocol = TLSv1.2
	ssl.provider = null
	ssl.secure.random.implementation = null
	ssl.trustmanager.algorithm = PKIX
	ssl.truststore.location = null
	ssl.truststore.password = null
	ssl.truststore.type = JKS

18:31:08.481 [main] INFO  AppInfoParser[<init>:117] - Kafka version: 2.5.1
18:31:08.481 [main] INFO  AppInfoParser[<init>:118] - Kafka commitId: 0efa8fb0f4c73d92
18:31:08.483 [main] INFO  AppInfoParser[<init>:119] - Kafka startTimeMs: 1603643468479
18:31:10.498 [kafka-admin-client-thread | adminclient-1] WARN  NetworkClient[processDisconnection:763] - [AdminClient clientId=adminclient-1] Connection to node -1 (/127.0.0.1:9092) could not be established. Broker may not be available.
18:31:12.601 [kafka-admin-client-thread | adminclient-1] WARN  NetworkClient[processDisconnection:763] - [AdminClient clientId=adminclient-1] Connection to node -1 (/127.0.0.1:9092) could not be established. Broker may not be available.
18:31:14.804 [kafka-admin-client-thread | adminclient-1] WARN  NetworkClient[processDisconnection:763] - [AdminClient clientId=adminclient-1] Connection to node -1 (/127.0.0.1:9092) could not be established. Broker may not be available.
18:31:17.108 [kafka-admin-client-thread | adminclient-1] WARN  NetworkClient[processDisconnection:763] - [AdminClient clientId=adminclient-1] Connection to node -1 (/127.0.0.1:9092) could not be established. Broker may not be available.
18:31:19.517 [kafka-admin-client-thread | adminclient-1] WARN  NetworkClient[processDisconnection:763] - [AdminClient clientId=adminclient-1] Connection to node -1 (/127.0.0.1:9092) could not be established. Broker may not be available.
18:31:22.427 [kafka-admin-client-thread | adminclient-1] WARN  NetworkClient[processDisconnection:763] - [AdminClient clientId=adminclient-1] Connection to node -1 (/127.0.0.1:9092) could not be established. Broker may not be available.
18:31:25.439 [kafka-admin-client-thread | adminclient-1] WARN  NetworkClient[processDisconnection:763] - [AdminClient clientId=adminclient-1] Connection to node -1 (/127.0.0.1:9092) could not be established. Broker may not be available.
18:31:28.349 [kafka-admin-client-thread | adminclient-1] WARN  NetworkClient[processDisconnection:763] - [AdminClient clientId=adminclient-1] Connection to node -1 (/127.0.0.1:9092) could not be established. Broker may not be available.
18:31:31.363 [kafka-admin-client-thread | adminclient-1] WARN  NetworkClient[processDisconnection:763] - [AdminClient clientId=adminclient-1] Connection to node -1 (/127.0.0.1:9092) could not be established. Broker may not be available.
18:31:34.572 [kafka-admin-client-thread | adminclient-1] WARN  NetworkClient[processDisconnection:763] - [AdminClient clientId=adminclient-1] Connection to node -1 (/127.0.0.1:9092) could not be established. Broker may not be available.
18:31:37.580 [kafka-admin-client-thread | adminclient-1] WARN  NetworkClient[processDisconnection:763] - [AdminClient clientId=adminclient-1] Connection to node -1 (/127.0.0.1:9092) could not be established. Broker may not be available.
18:31:38.488 [kafka-admin-client-thread | adminclient-1] INFO  AdminMetadataManager[updateFailed:235] - [AdminClient clientId=adminclient-1] Metadata update failed
org.apache.kafka.common.errors.TimeoutException: Call(callName=fetchMetadata, deadlineMs=1603643498486) timed out at 1603643498487 after 1 attempt(s)
Caused by: org.apache.kafka.common.errors.TimeoutException: Timed out waiting for a node assignment.
18:31:38.497 [main] ERROR KafkaAdmin[error:149] - Could not configure topics
org.springframework.kafka.KafkaException: Timed out waiting to get existing topics; nested exception is java.util.concurrent.TimeoutException
	at org.springframework.kafka.core.KafkaAdmin.lambda$checkPartitions$4(KafkaAdmin.java:254)
	at java.base/java.util.HashMap.forEach(HashMap.java:1425)
	at org.springframework.kafka.core.KafkaAdmin.checkPartitions(KafkaAdmin.java:233)
	at org.springframework.kafka.core.KafkaAdmin.addTopicsIfNeeded(KafkaAdmin.java:219)
	at org.springframework.kafka.core.KafkaAdmin.initialize(KafkaAdmin.java:189)
	at org.springframework.kafka.core.KafkaAdmin.afterSingletonsInstantiated(KafkaAdmin.java:157)
	at org.springframework.beans.factory.support.DefaultListableBeanFactory.preInstantiateSingletons(DefaultListableBeanFactory.java:914)
	at org.springframework.context.support.AbstractApplicationContext.finishBeanFactoryInitialization(AbstractApplicationContext.java:879)
	at org.springframework.context.support.AbstractApplicationContext.refresh(AbstractApplicationContext.java:551)
	at org.springframework.boot.web.reactive.context.ReactiveWebServerApplicationContext.refresh(ReactiveWebServerApplicationContext.java:62)
	at org.springframework.boot.SpringApplication.refresh(SpringApplication.java:758)
	at org.springframework.boot.SpringApplication.refresh(SpringApplication.java:750)
	at org.springframework.boot.SpringApplication.refreshContext(SpringApplication.java:397)
	at org.springframework.boot.SpringApplication.run(SpringApplication.java:315)
	at org.springframework.boot.SpringApplication.run(SpringApplication.java:1237)
	at org.springframework.boot.SpringApplication.run(SpringApplication.java:1226)
	at org.engine.SkyshopGatewayApplication.main(SkyshopGatewayApplication.java:11)
	at java.base/jdk.internal.reflect.NativeMethodAccessorImpl.invoke0(Native Method)
	at java.base/jdk.internal.reflect.NativeMethodAccessorImpl.invoke(NativeMethodAccessorImpl.java:62)
	at java.base/jdk.internal.reflect.DelegatingMethodAccessorImpl.invoke(DelegatingMethodAccessorImpl.java:43)
	at java.base/java.lang.reflect.Method.invoke(Method.java:564)
	at org.springframework.boot.loader.MainMethodRunner.run(MainMethodRunner.java:49)
	at org.springframework.boot.loader.Launcher.launch(Launcher.java:107)
	at org.springframework.boot.loader.Launcher.launch(Launcher.java:58)
	at org.springframework.boot.loader.JarLauncher.main(JarLauncher.java:88)
Caused by: java.util.concurrent.TimeoutException: null
	at org.apache.kafka.common.internals.KafkaFutureImpl$SingleWaiter.await(KafkaFutureImpl.java:108)
	at org.apache.kafka.common.internals.KafkaFutureImpl.get(KafkaFutureImpl.java:272)
	at org.springframework.kafka.core.KafkaAdmin.lambda$checkPartitions$4(KafkaAdmin.java:236)
	... 24 common frames omitted
18:31:40.600 [kafka-admin-client-thread | adminclient-1] WARN  NetworkClient[processDisconnection:763] - [AdminClient clientId=adminclient-1] Connection to node -1 (/127.0.0.1:9092) could not be established. Broker may not be available.
18:31:43.607 [kafka-admin-client-thread | adminclient-1] WARN  NetworkClient[processDisconnection:763] - [AdminClient clientId=adminclient-1] Connection to node -1 (/127.0.0.1:9092) could not be established. Broker may not be available.
18:31:46.813 [kafka-admin-client-thread | adminclient-1] WARN  NetworkClient[processDisconnection:763] - [AdminClient clientId=adminclient-1] Connection to node -1 (/127.0.0.1:9092) could not be established. Broker may not be available.
18:31:48.498 [kafka-admin-client-thread | adminclient-1] INFO  KafkaAdminClient[threadShouldExit:1192] - [AdminClient clientId=adminclient-1] Forcing a hard I/O thread shutdown. Requests in progress will be aborted.
18:31:48.499 [kafka-admin-client-thread | adminclient-1] INFO  AdminMetadataManager[updateFailed:235] - [AdminClient clientId=adminclient-1] Metadata update failed
org.apache.kafka.common.errors.TimeoutException: Call(callName=fetchMetadata, deadlineMs=1603643528487) timed out at 9223372036854775807 after 1 attempt(s)
Caused by: org.apache.kafka.common.errors.TimeoutException: Timed out waiting to send the call.
18:31:48.783 [main] INFO  NettyWebServer[start:109] - Netty started on port(s): 8070
18:31:50.274 [main] INFO  SkyshopGatewayApplication[logStarted:61] - Started SkyshopGatewayApplication in 59.957 seconds (JVM running for 60.81)
18:33:58.265 [SpringContextShutdownHook] INFO  LocalContainerEntityManagerFactoryBean[destroy:598] - Closing JPA EntityManagerFactory for persistence unit 'DS2'
18:33:58.267 [SpringContextShutdownHook] INFO  HikariDataSource[close:350] - WAREHOUSE_HIKARICP_CONNECTION_POOL - Shutdown initiated...
18:33:58.304 [SpringContextShutdownHook] INFO  HikariDataSource[close:352] - WAREHOUSE_HIKARICP_CONNECTION_POOL - Shutdown completed.
18:33:58.305 [SpringContextShutdownHook] INFO  LocalContainerEntityManagerFactoryBean[destroy:598] - Closing JPA EntityManagerFactory for persistence unit 'DS1'
18:33:58.307 [SpringContextShutdownHook] INFO  HikariDataSource[close:350] - PRODUCTION_HIKARICP_CONNECTION_POOL - Shutdown initiated...
18:33:58.347 [SpringContextShutdownHook] INFO  HikariDataSource[close:352] - PRODUCTION_HIKARICP_CONNECTION_POOL - Shutdown completed.
